bytes allocated, allocations, type, function, file:line
       11182080	            390	RealmVertex[] realm.engine.graphics.renderer.Renderer.submitMesh!(Material!(["heightMap":UserDataVarTypes.TEXTURE2D, "heightStrength":UserDataVarTypes.FLOAT, "oceanLevel":UserDataVarTypes.FLOAT], 0)).submitMesh src\engine\graphics\renderer.d:94
        3194880	            390	RealmVertex[] realm.engine.graphics.renderer.Renderer.submitMesh!(Material!(["color":UserDataVarTypes.VECTOR, "heightMap":UserDataVarTypes.TEXTURE2D, "oceanLevel":UserDataVarTypes.FLOAT, "heightStrength":UserDataVarTypes.FLOAT, "shallowColor":UserDataVarTypes.VECTOR, "deepColor":UserDataVarTypes.VECTOR, "noise1":UserDataVarTypes.TEXTURE2D, "noise2":UserDataVarTypes.TEXTURE2D, "time":UserDataVarTypes.FLOAT, "scrollSpeed":UserDataVarTypes.FLOAT, "distortion":UserDataVarTypes.TEXTURE2D], 1)).submitMesh src\engine\graphics\renderer.d:94
          57088	           1784	std.array.Appender!(immutable(char)[]).Appender.Data std.array.Appender!string.Appender.this C:\D\dmd2\windows\bin64\..\..\src\phobos\std\array.d:3330
          18720	            390	realm.engine.graphics.opengl.GSamplerObject!(3553).GSamplerObject[] realm.engine.graphics.batch.Batch!(RealmVertex).Batch.submitVertices!(Material!(["color":UserDataVarTypes.VECTOR, "heightMap":UserDataVarTypes.TEXTURE2D, "oceanLevel":UserDataVarTypes.FLOAT, "heightStrength":UserDataVarTypes.FLOAT, "shallowColor":UserDataVarTypes.VECTOR, "deepColor":UserDataVarTypes.VECTOR, "noise1":UserDataVarTypes.TEXTURE2D, "noise2":UserDataVarTypes.TEXTURE2D, "time":UserDataVarTypes.FLOAT, "scrollSpeed":UserDataVarTypes.FLOAT, "distortion":UserDataVarTypes.TEXTURE2D], 1)).submitVertices src\engine\graphics\batch.d:139
          18720	            390	realm.engine.graphics.opengl.GSamplerObject!(3553).GSamplerObject[] realm.engine.graphics.batch.Batch!(RealmVertex).Batch.submitVertices!(Material!(["heightMap":UserDataVarTypes.TEXTURE2D, "heightStrength":UserDataVarTypes.FLOAT, "oceanLevel":UserDataVarTypes.FLOAT], 0)).submitVertices src\engine\graphics\batch.d:139
          18432	              2	uint[] realm.util.generateFace src\util.d:48
          16384	              3	immutable(char)[] realm.engine.asset.loadShaderProgram src\engine\asset.d:142
          16000	             26	immutable(char)[] realm.engine.asset.loadShaderProgram src\engine\asset.d:136
          12288	              3	immutable(char)[] realm.engine.asset.loadShaderProgram src\engine\asset.d:141
           9552	              2	Vector!(float, 3)[] realm.engine.core.Mesh.calculateTangents src\engine\core.d:131
           9552	              2	gl3n.linalg.Vector!(float, 3).Vector[] realm.util.generateFace src\util.d:47
           9552	              2	gl3n.linalg.Vector!(float, 3).Vector[] realm.util.generateFace src\util.d:76
           9008	              2	gl3n.linalg.Vector!(float, 2).Vector[] realm.util.generateFace src\util.d:49
           6240	            390	realm.engine.graphics.opengl.GDrawBufferTarget[] realm.engine.graphics.renderer.Renderer.update src\engine\graphics\renderer.d:194
           6000	             22	immutable(char)[] realm.engine.asset.loadShaderProgram src\engine\asset.d:132
           1840	             17	immutable(char)[] realm.engine.asset.loadShaderProgram src\engine\asset.d:127
            864	             18	char[] std.digest.toHexString!(Order.increasing, LetterCase.upper).toHexString C:\D\dmd2\windows\bin64\..\..\src\phobos\std\digest\package.d:788
            768	              6	std.digest.WrapperDigest!(std.digest.md.MD5).WrapperDigest realm.engine.graphics.opengl.GShader.checkCache src\engine\graphics\opengl.d:162
            432	              3	immutable(char)[] realm.engine.logging.Logger.LogInfo!(string, string).LogInfo src\engine\logging.d:21
            384	              3	std.digest.WrapperDigest!(std.digest.md.MD5).WrapperDigest realm.engine.graphics.opengl.GShaderProgram.checkCache src\engine\graphics\opengl.d:361
            368	              1	realm.arcballcamera.ArcballCamera realm.player.Player.this src\player.d:25
            368	              1	realm.engine.graphics.material.Material!(["color":UserDataVarTypes.VECTOR, "heightMap":UserDataVarTypes.TEXTURE2D, "oceanLevel":UserDataVarTypes.FLOAT, "heightStrength":UserDataVarTypes.FLOAT, "shallowColor":UserDataVarTypes.VECTOR, "deepColor":UserDataVarTypes.VECTOR, "noise1":UserDataVarTypes.TEXTURE2D, "noise2":UserDataVarTypes.TEXTURE2D, "time":UserDataVarTypes.FLOAT, "scrollSpeed":UserDataVarTypes.FLOAT, "distortion":UserDataVarTypes.TEXTURE2D], 1).Material realm.ocean.Ocean.this src\ocean.d:41
            368	              1	realm.engine.graphics.renderer.Renderer realm.game.RealmGame.this src\RealmGame.d:35
            288	              9	std.array.Appender!(char[][]).Appender.Data std.array.Appender!(char[][]).Appender.this C:\D\dmd2\windows\bin64\..\..\src\phobos\std\array.d:3330
            288	              3	immutable(char)[] realm.engine.graphics.opengl.GShaderProgram.checkCache src\engine\graphics\opengl.d:363
            288	              3	realm.engine.graphics.opengl.GShader realm.engine.asset.loadShaderProgram src\engine\asset.d:144
            288	              3	realm.engine.graphics.opengl.GShader realm.engine.asset.loadShaderProgram src\engine\asset.d:145
            256	              6	immutable(char)[] realm.engine.logging.Logger.LogInfo!string.LogInfo src\engine\logging.d:21
            256	              2	realm.engine.core.Transform realm.engine.core.Camera.this src\engine\core.d:219
            256	              1	realm.engine.core.Camera realm.engine.graphics.renderer.Renderer.this src\engine\graphics\renderer.d:76
            256	              1	realm.engine.core.Camera realm.game.RealmGame.this src\RealmGame.d:37
            256	              1	realm.engine.graphics.batch.Batch!(realm.engine.graphics.core.RealmVertex).Batch realm.engine.graphics.renderer.Renderer.submitMesh!(Material!(["color":UserDataVarTypes.VECTOR, "heightMap":UserDataVarTypes.TEXTURE2D, "oceanLevel":UserDataVarTypes.FLOAT, "heightStrength":UserDataVarTypes.FLOAT, "shallowColor":UserDataVarTypes.VECTOR, "deepColor":UserDataVarTypes.VECTOR, "noise1":UserDataVarTypes.TEXTURE2D, "noise2":UserDataVarTypes.TEXTURE2D, "time":UserDataVarTypes.FLOAT, "scrollSpeed":UserDataVarTypes.FLOAT, "distortion":UserDataVarTypes.TEXTURE2D], 1)).submitMesh src\engine\graphics\renderer.d:116
            256	              1	realm.engine.graphics.batch.Batch!(realm.engine.graphics.core.RealmVertex).Batch realm.engine.graphics.renderer.Renderer.submitMesh!(Material!(["heightMap":UserDataVarTypes.TEXTURE2D, "heightStrength":UserDataVarTypes.FLOAT, "oceanLevel":UserDataVarTypes.FLOAT], 0)).submitMesh src\engine\graphics\renderer.d:116
            256	              1	realm.engine.graphics.batch.Batch!(realm.engine.graphics.core.RealmVertex).Batch realm.engine.graphics.renderer.Renderer.this src\engine\graphics\renderer.d:77
            192	              3	realm.engine.graphics.opengl.GShaderProgram realm.engine.asset.loadShaderProgram src\engine\asset.d:146
            176	              1	realm.engine.graphics.material.Material!(["heightMap":UserDataVarTypes.TEXTURE2D, "heightStrength":UserDataVarTypes.FLOAT, "oceanLevel":UserDataVarTypes.FLOAT], 0).Material realm.world.World.this src\world.d:46
            128	              1	realm.engine.core.Transform realm.game.RealmGame.this src\RealmGame.d:41
            128	              1	realm.engine.core.Transform realm.ocean.Ocean.this src\ocean.d:34
            128	              1	realm.engine.core.Transform realm.player.Player.this src\player.d:24
            128	              1	realm.engine.core.Transform realm.world.World.this src\world.d:34
            128	              1	realm.engine.graphics.material.Material!(["cameraFar":UserDataVarTypes.FLOAT, "cameraNear":UserDataVarTypes.FLOAT], 0).Material realm.engine.graphics.renderer.Renderer.this src\engine\graphics\renderer.d:68
            128	              1	realm.game.RealmGame D main src\main.d:9
            128	              1	realm.ocean.Ocean realm.world.World.this src\world.d:54
            128	              1	realm.world.World realm.game.RealmGame.this src\RealmGame.d:40
            112	              2	immutable(char)[] realm.engine.logging.Logger.LogInfo!(int, int).LogInfo src\engine\logging.d:21
             96	              3	gl3n.linalg.Vector!(float, 4).Vector*[] realm.engine.graphics.material.Material!(["color":UserDataVarTypes.VECTOR, "heightMap":UserDataVarTypes.TEXTURE2D, "oceanLevel":UserDataVarTypes.FLOAT, "heightStrength":UserDataVarTypes.FLOAT, "shallowColor":UserDataVarTypes.VECTOR, "deepColor":UserDataVarTypes.VECTOR, "noise1":UserDataVarTypes.TEXTURE2D, "noise2":UserDataVarTypes.TEXTURE2D, "time":UserDataVarTypes.FLOAT, "scrollSpeed":UserDataVarTypes.FLOAT, "distortion":UserDataVarTypes.TEXTURE2D], 1).Material.packTextureAtlas src\engine\graphics\material.d:293
             96	              3	realm.engine.graphics.core.Texture2D[] realm.engine.graphics.material.Material!(["color":UserDataVarTypes.VECTOR, "heightMap":UserDataVarTypes.TEXTURE2D, "oceanLevel":UserDataVarTypes.FLOAT, "heightStrength":UserDataVarTypes.FLOAT, "shallowColor":UserDataVarTypes.VECTOR, "deepColor":UserDataVarTypes.VECTOR, "noise1":UserDataVarTypes.TEXTURE2D, "noise2":UserDataVarTypes.TEXTURE2D, "time":UserDataVarTypes.FLOAT, "scrollSpeed":UserDataVarTypes.FLOAT, "distortion":UserDataVarTypes.TEXTURE2D], 1).Material.packTextureAtlas src\engine\graphics\material.d:292
             96	              1	derelict.opengl3.gl3.DerelictGL3Loader derelict.opengl3.gl3._sharedStaticCtor_L589_C1 D:\Users\Nathan\AppData\Local\dub\packages\derelict-gl3-1.0.24\derelict-gl3\source\derelict\opengl3\gl3.d:590
             64	              3	immutable(char)[] realm.engine.asset.loadShaderProgram src\engine\asset.d:144
             64	              3	immutable(char)[] realm.engine.asset.loadShaderProgram src\engine\asset.d:145
             64	              2	string realm.engine.graphics.opengl.GShaderProgram.this src\engine\graphics\opengl.d:349
             64	              1	gl3n.linalg.Vector!(float, 3).Vector[] realm.world.World._staticCtor_L67_C2 src\world.d:69
             64	              1	realm.engine.graphics.core.VertexAttribute[] realm.engine.graphics.renderer.Renderer.this src\engine\graphics\renderer.d:63
             64	              1	realm.player.Player realm.game.RealmGame.this src\RealmGame.d:39
             48	              3	int[] realm.engine.graphics.opengl.GShaderProgram.loadProgramBinary src\engine\graphics\opengl.d:274
             48	              1	gl3n.linalg.Vector!(float, 2).Vector[] realm.world.World._staticCtor_L67_C2 src\world.d:70
             48	              1	realm.engine.graphics.core.Texture2D realm.ocean.Ocean.this src\ocean.d:49
             48	              1	realm.engine.graphics.core.Texture2D realm.ocean.Ocean.this src\ocean.d:50
             48	              1	realm.engine.graphics.core.Texture2D realm.ocean.Ocean.this src\ocean.d:51
             48	              1	realm.engine.graphics.core.Texture2D realm.world.World.this src\world.d:50
             48	              1	realm.engine.graphics.core.VertexAttribute[] realm.engine.graphics.renderer.Renderer.this src\engine\graphics\renderer.d:62
             32	              1	immutable(char)[] realm.engine.logging.Logger.LogInfo!().LogInfo src\engine\logging.d:21
             32	              1	immutable(char)[] realm.engine.logging.Logger.LogInfo!(GLVersion).LogInfo src\engine\logging.d:21
             32	              1	realm.engine.graphics.core.VertexAttribute[] realm.engine.graphics.renderer.Renderer.this src\engine\graphics\renderer.d:61
             32	              1	std.array.Appender!(immutable(char)[][]).Appender.Data std.array.Appender!(string[]).Appender.this C:\D\dmd2\windows\bin64\..\..\src\phobos\std\array.d:3330
             16	              1	gl3n.linalg.Vector!(float, 4).Vector*[] realm.engine.graphics.material.Material!(["heightMap":UserDataVarTypes.TEXTURE2D, "heightStrength":UserDataVarTypes.FLOAT, "oceanLevel":UserDataVarTypes.FLOAT], 0).Material.packTextureAtlas src\engine\graphics\material.d:293
             16	              1	realm.engine.graphics.core.Texture2D[] realm.engine.graphics.material.Material!(["heightMap":UserDataVarTypes.TEXTURE2D, "heightStrength":UserDataVarTypes.FLOAT, "oceanLevel":UserDataVarTypes.FLOAT], 0).Material.packTextureAtlas src\engine\graphics\material.d:292
             16	              1	realm.engine.graphics.core.VertexAttribute[] realm.engine.graphics.renderer.Renderer.this src\engine\graphics\renderer.d:60
