make.exe all CC=gcc -f "C:\dev\realm\Makefile" --print-data-base --no-builtin-variables --no-builtin-rules --question
# GNU Make 4.3
 
# Built for x86_64-pc-msys
# Copyright (C) 1988-2020 Free Software Foundation, Inc.
# License GPLv3+: GNU GPL version 3 or later <http://gnu.org/licenses/gpl.html>
# This is free software: you are free to change and redistribute it.
# There is NO WARRANTY, to the extent permitted by law.
 

 
# Make data base, printed on Fri Jul 30 18:27:43 2021

# Variables

# environment
FPS_BROWSER_APP_PROFILE_STRING = Internet Explorer
# environment
SYSTEMDRIVE = C:
# environment
JAVA_HOME = C:\Program Files\Java\jdk1.8.0_101
# environment
LC_ALL = C
# environment
_MSYS2_BASH = C:\tools\msys64\usr\bin\bash.exe
# environment
OCULUSBASE = D:\Oculus\
# environment
USERPROFILE = D:\Users\Nathan
# environment
LOCALAPPDATA = D:\Users\Nathan\AppData\Local
# environment
VSCODE_IPC_HOOK_EXTHOST = \\.\pipe\vscode-ipc-46a76181-4d35-49f9-9b38-858b7a6992db-sock
# environment
VSCODE_CWD = D:\Program Files\Microsoft VS Code
# environment
CHOCOLATEYINSTALL = C:\ProgramData\chocolatey
# environment
SYSTEMROOT = C:\WINDOWS
# environment
PROCESSOR_LEVEL = 6
# environment
PSMODULEPATH = C:\Program Files\WindowsPowerShell\Modules;C:\WINDOWS\system32\WindowsPowerShell\v1.0\Modules;C:\Program Files\Intel\;C:\Program Files (x86)\Windows Kits\10\Microsoft Application Virtualization\Sequencer\AppvPkgConverter;C:\Program Files (x86)\Windows Kits\10\Microsoft Application Virtualization\Sequencer\AppvSequencer;C:\Program Files (x86)\Windows Kits\10\Microsoft Application Virtualization\
# default
MAKE_COMMAND := make
# automatic
@D = $(patsubst %/,%,$(dir $@))
# environment
CHROME_CRASHPAD_PIPE_NAME = \\.\pipe\crashpad_19620_WHDWDXWZSNFEJKHN
# environment
VS160COMCOMNTOOLS = C:\Program Files (x86)\Microsoft Visual Studio\2019\Community\Common7\Tools\
# environment
FPS_BROWSER_USER_PROFILE_STRING = Default
# environment
VSCODE_HANDLES_UNCAUGHT_ERRORS = true
# default
.VARIABLES := 
# automatic
%D = $(patsubst %/,%,$(dir $%))
# environment
VS110COMNTOOLS = C:\Program Files (x86)\Microsoft Visual Studio 11.0\Common7\Tools\
# environment
LDRAWDIR = D:\Users\Public\Documents\LDraw
# automatic
^D = $(patsubst %/,%,$(dir $^))
# environment
VSCODE_LOG_STACK = false
# automatic
%F = $(notdir $%)
# environment
LANG = C
# default
.LOADED := 
# environment
TMP = /home/Nathan/AppData/Local/Temp
# default
.INCLUDE_DIRS = /usr/include /usr/include
# makefile
MAKEFLAGS = pqrR -- $(MAKEOVERRIDES)
# makefile (from 'C:\dev\realm\Makefile', line 12)
GLFW_config = debug
# environment
ONEDRIVE = D:\Users\Nathan\OneDrive
# environment
DEVKITARM = /opt/devkitpro/devkitARM
# makefile
CURDIR := /c/dev/realm
# environment
VSCODE_PIPE_LOGGING = true
# environment
APPLICATION_INSIGHTS_NO_DIAGNOSTIC_CHANNEL = true
# automatic
*D = $(patsubst %/,%,$(dir $*))
# environment
PROGRAMFILES = C:\Program Files
# environment
MFLAGS = -pqrR
# default
.SHELLFLAGS := -c
# environment
!C: = c:\dev\realm
# makefile (from 'C:\dev\realm\Makefile', line 14)
realm_game_config = debug
# environment
COMMONPROGRAMW6432 = C:\Program Files\Common Files
# automatic
+D = $(patsubst %/,%,$(dir $+))
# makefile (from 'C:\dev\realm\Makefile', line 1)
MAKEFILE_LIST := C:\dev\realm\Makefile
# automatic
@F = $(notdir $@)
# environment
VSCODE_VERBOSE_LOGGING = true
# environment
VSCODE_PID = 19620
# makefile (from 'C:\dev\realm\Makefile', line 25)
PROJECTS := GLFW glad realm_game
# environment
CUDA_PATH = C:\Program Files\NVIDIA GPU Computing Toolkit\CUDA\v11.3
# automatic
?D = $(patsubst %/,%,$(dir $?))
# environment
DEVKITPPC = /opt/devkitpro/devkitPPC
# environment
MSMPI_BIN = C:\Program Files\Microsoft MPI\Bin\
# automatic
*F = $(notdir $*)
# automatic
<D = $(patsubst %/,%,$(dir $<))
# environment
HADOOP_HOME = D:\Users\Nathan\hadoop-3.1.4
# environment
VSCODE_NLS_CONFIG = {"locale":"en-us","availableLanguages":{},"_languagePackSupport":true}
# environment
ONEDRIVECONSUMER = D:\Users\Nathan\OneDrive
# default
MAKE_HOST := x86_64-pc-msys
# environment
PROGRAMDATA = C:\ProgramData
# default
SHELL := /bin/sh
 
# environment
NVCUDASAMPLES11_3_ROOT = C:\ProgramData\NVIDIA Corporation\CUDA Samples\v11.3
# environment
VS120COMNTOOLS = C:\Program Files (x86)\Microsoft Visual Studio 12.0\Common7\Tools\
# environment
HOMEPATH = \Users\Nathan
# default
MAKECMDGOALS := all
# makefile (from 'C:\dev\realm\Makefile', line 13)
glad_config = debug
# environment
MYSQLCONNECTOR_ASSEMBLIESPATH = C:\Program Files (x86)\MySQL\Connector NET 8.0\Assemblies\v4.5.2
# environment
DRIVERDATA = C:\Windows\System32\Drivers\DriverData
# environment
COMSPEC = C:\WINDOWS\system32\cmd.exe
# environment
WINDIR = C:\WINDOWS
# environment
MAKELEVEL := 0
# default
MAKE = $(MAKE_COMMAND)
# environment
PATH = /opt/devkitpro/msys2/usr/bin:/d/Oculus/Support/oculus-runtime:/c/Program Files/NVIDIA GPU Computing Toolkit/CUDA/v11.3/bin:/c/Program Files/NVIDIA GPU Computing Toolkit/CUDA/v11.3/libnvvp:/c/Program Files/OpenJDK/jdk-8.0.262.10-hotspot/bin:/c/Program Files/Common Files/Oracle/Java/javapath:/c/Program Files/Microsoft MPI/Bin:/c/Program Files (x86)/Common Files/Oracle/Java/javapath:/c/programdata/oracle/java/javapath:/c/program files (x86)/intel/icls client:/c/program files/intel/icls client:/c/windows/system32:/c/windows:/c/windows/system32/wbem:/c/windows/system32/windowspowershell/v1.0:/c/program files (x86)/intel/intel(r) management engine components/dal:/c/program files/intel/intel(r) management engine components/dal:/c/program files (x86)/intel/intel(r) management engine components/ipt:/c/program files/intel/intel(r) management engine components/ipt:/c/program files (x86)/gtksharp/2.12/bin:/c/program files/microsoft sql server/130/tools/binn:/c/program files/git/cmd:/c/program files/dotnet:/d/program files/nodejs:/c/program files (x86)/skype/phone:/c/fpc/3.0.4/bin/i386-win32:/c/program files/putty:/c/Program Files (x86)/NVIDIA Corporation/PhysX/Common:/c/WINDOWS/system32:/c/WINDOWS:/c/WINDOWS/System32/Wbem:/c/WINDOWS/System32/WindowsPowerShell/v1.0:/c/WINDOWS/System32/OpenSSH:/d/Program Files/Microsoft VS Code/bin:/c/Program Files/Microsoft SQL Server/Client SDK/ODBC/170/Tools/Binn:/c/Program Files/Microsoft SQL Server/Client SDK/ODBC/130/Tools/Binn:/c/Program Files (x86)/Windows Kits/10/Windows Performance Toolkit:/c/Program Files (x86)/Windows Kits/10/Microsoft Application Virtualization/Sequencer:/c/Program Files (x86)/Microsoft SQL Server/150/DTS/Binn:/c/ProgramData/chocolatey/bin:/c/Program Files (x86)/dotnet:/c/Program Files/CMake/bin:/c/Program Files/Git/cmd:/c/Program Files/NVIDIA Corporation/Nsight Compute 2021.1.0:/c/Program Files/NVIDIA Corporation/NVIDIA NvDLISR:/home/Nathan/.cargo/bin:/c/Program Files/MySQL/MySQL Shell 8.0/bin:/home/Nathan/AppData/Local/Programs/Python/Python37-32/Scripts:/home/Nathan/AppData/Local/Programs/Python/Python37-32:/c/vulkansdk/1.1.73.0/bin:/c/programdata/oracle/java/javapath:/c/program files (x86)/intel/icls client:/c/program files/intel/icls client:/c/windows/system32:/c/windows:/c/windows/system32/wbem:/c/windows/system32/windowspowershell/v1.0:/c/program files (x86)/intel/intel(r) management engine components/dal:/c/program files/intel/intel(r) management engine components/dal:/c/program files (x86)/intel/intel(r) management engine components/ipt:/c/program files/intel/intel(r) management engine components/ipt:/c/program files (x86)/gtksharp/2.12/bin:/c/program files/microsoft sql server/130/tools/binn:/c/program files/git/cmd:/c/program files/dotnet:/d/program files/nodejs:/c/program files (x86)/skype/phone:/c/program files (x86)/windows kits/10/windows performance toolkit:/c/fpc/3.0.4/bin/i386-win32:/c/program fi:/c/tools/neovim/Neovim/bin:/home/Nathan/Documents/ngrok-stable-windows-386:/home/Nathan/.dotnet/tools:/c/Program Files/Java/jre1.8.0_191/bin:/home/Nathan/SFML-2.5.1/bin:/c/Program Files/lua5.4/bin:/c/Program Files/premake:/home/Nathan/.gradle/wrapper/dists/gradle-5.6.4-all/ankdp27end7byghfw1q2sw75f/gradle-5.6.4/bin:/c/Program Files/Java/jdk-11.0.9/bin:/c/upx/upx-3.96-win64:/home/Nathan/AppData/Roaming/cabal/bin:/c/tools/ghc-9.0.1/bin:/c/tools/msys64:/c/Program Files/ffmpeg-4.4-full_build/bin:/home/Nathan/AppData/Roaming/SideQuest/platform-tools:/c/Python27
# environment
COMPUTERNAME = DESKTOP-QDEMGVG
# default
MAKEFILES := 
# automatic
^F = $(notdir $^)
# environment
_MSYS2_PREFIX = x86_64
# environment
PROMPT = $P$G
# environment
CHOCOLATEYLASTPATHUPDATE = 132671166087026039
# environment
NVTOOLSEXT_PATH = C:\Program Files\NVIDIA Corporation\NvToolsExt\
# environment
INTELLIJ IDEA = C:\Program Files\JetBrains\IntelliJ IDEA 2019.1.2\bin;
# environment
CUDA_PATH_V11_3 = C:\Program Files\NVIDIA GPU Computing Toolkit\CUDA\v11.3
# environment
LOGONSERVER = \\DESKTOP-QDEMGVG
# environment
XNAGSV4 = C:\Program Files (x86)\Microsoft XNA\XNA Game Studio\v4.0\
# environment
VSCODE_LOG_NATIVE = false
# environment
USERNAME = Nathan
# environment
COMMONPROGRAMFILES = C:\Program Files\Common Files
# automatic
?F = $(notdir $?)
# environment
PROGRAMW6432 = C:\Program Files
# environment
DEVKITPRO = /opt/devkitpro
# environment
PATHEXT = .COM;.EXE;.BAT;.CMD;.VBS;.VBE;.JS;.JSE;.WSF;.WSH;.MSC;.RB;.RBW
# automatic
+F = $(notdir $+)
# environment
ORIGINAL_XDG_CURRENT_DESKTOP = undefined
# environment
USERDOMAIN = DESKTOP-QDEMGVG
# 'override' directive
GNUMAKEFLAGS := 
# environment
VS140COMNTOOLS = C:\Program Files (x86)\Microsoft Visual Studio 14.0\Common7\Tools\
# environment
OS = Windows_NT
# environment
MSMPI_BENCHMARKS = C:\Program Files\Microsoft MPI\Benchmarks\
# makefile
.DEFAULT_GOAL := all
# default
MAKE_VERSION := 4.3
# environment
XNAGSSHARED = C:\Program Files (x86)\Common Files\Microsoft Shared\XNA\
# environment
PROGRAMFILES(X86) = C:\Program Files (x86)
# environment
MAKEOVERRIDES = ${-*-command-variables-*-}
# environment
NVCUDASAMPLES_ROOT = C:\ProgramData\NVIDIA Corporation\CUDA Samples\v11.3
# environment
USERDOMAIN_ROAMINGPROFILE = DESKTOP-QDEMGVG
# environment
NUMBER_OF_PROCESSORS = 4
# environment
PUBLIC = D:\Users\Public
# environment
PYTHONPATH = D:\Users\Nathan\Documents\Forex Project\ForexApp\APIProcessing\APIHelpers;
# automatic
-*-command-variables-*- := CC=gcc
# environment
VSCODE_NODE_CACHED_DATA_DIR = D:\Users\Nathan\AppData\Roaming\Code\CachedData\cfa2e218100323074ac1948c885448fdf4de2a7f
# environment
APPDATA = D:\Users\Nathan\AppData\Roaming
# environment
HOMEDRIVE = D:
# environment
GTK_BASEPATH = C:\Program Files (x86)\GtkSharp\2.12\
# environment
PROCESSOR_ARCHITECTURE = AMD64
# environment
VSCODE_AMD_ENTRYPOINT = vs/workbench/services/extensions/node/extensionHostProcess
# environment
HOME = /home/Nathan
# environment
COMMONPROGRAMFILES(X86) = C:\Program Files (x86)\Common Files
# environment
ELECTRON_RUN_AS_NODE = 1
# environment
TEMP = /home/Nathan/AppData/Local/Temp
# environment
VSCODE_IPC_HOOK = \\.\pipe\65a118952203aba3757a3d0c18c80e8d-1.56.0-main-sock
# environment
TERM = xterm-256color
# environment
GHIDRA_INSTALL_DIR = D:\Users\Nathan\Documents\ghidra_9.1.2_PUBLIC_20200212\ghidra_9.1.2_PUBLIC
# default
.RECIPEPREFIX := 
# automatic
<F = $(notdir $<)
# makefile (from 'C:\dev\realm\Makefile', line 4)
config = debug
# environment
VS150COMCOMNTOOLS = D:\Program Files (x86)\Microsoft Visual Studio\2017\Community\Common7\Tools\
# default
SUFFIXES := 
# environment
ALLUSERSPROFILE = C:\ProgramData
# environment
SESSIONNAME = Console
# makefile (from 'C:\dev\realm\Makefile', line 8)
SILENT = @
# default
.FEATURES := target-specific order-only second-expansion else-if shortest-stem undefine oneshell nocomment grouped-target extra-prereqs archives jobserver output-sync check-symlink load
# environment
PROCESSOR_REVISION = 5e03
# command line
CC = gcc
# environment
CHOCOLATEYTOOLSLOCATION = C:\tools
# environment
PROCESSOR_IDENTIFIER = Intel64 Family 6 Model 94 Stepping 3, GenuineIntel
# variable set hash-table stats:
 
# Load=137/1024=13%, Rehash=0, Collisions=19/179=11%

# Pattern-specific Variable Values

# No pattern-specific variable values.

# Directories


# No files, no impossibilities in 0 directories.

# Implicit Rules

# No implicit rules.

# Files

# Not a target:
C:\dev\realm\Makefile:
#  Implicit rule search has been done.
#  Last modified 2021-06-20 00:06:07.5854268
#  File has been updated.
#  Successfully updated.

glad:
#  Phony target (prerequisite of .PHONY).
#  Implicit rule search has not been done.
#  File does not exist.
#  File has not been updated.
#  recipe to execute (from 'C:\dev\realm\Makefile', line 41):
	@echo "==== Building glad ($(glad_config)) ===="
	@${MAKE} --no-print-directory -C deps/glad -f Makefile config=$(glad_config)

clean:
#  Phony target (prerequisite of .PHONY).
#  Implicit rule search has not been done.
#  File does not exist.
#  File has not been updated.
#  recipe to execute (from 'C:\dev\realm\Makefile', line 52):
	@${MAKE} --no-print-directory -C deps/glfw -f Makefile clean
	@${MAKE} --no-print-directory -C deps/glad -f Makefile clean
	@${MAKE} --no-print-directory -C . -f realm_game.make clean

Dependencies: GLFW glad
#  Phony target (prerequisite of .PHONY).
#  Implicit rule search has not been done.
#  File does not exist.
#  File has not been updated.

GLFW:
#  Phony target (prerequisite of .PHONY).
#  Implicit rule search has not been done.
#  Implicit/static pattern stem: ''
#  File does not exist.
#  File has been updated.
#  Needs to be updated (-q is set).
# automatic
# @ := GLFW
# automatic
# * := 
# automatic
# < := 
# automatic
# + := 
# automatic
# % := 
# automatic
# ^ := 
# automatic
# ? := 
# automatic
# | := 
# variable set hash-table stats:
# Load=8/32=25%, Rehash=0, Collisions=2/15=13%
#  recipe to execute (from 'C:\dev\realm\Makefile', line 35):
	@echo "==== Building GLFW ($(GLFW_config)) ===="
	@${MAKE} --no-print-directory -C deps/glfw -f Makefile config=$(GLFW_config)

realm_game: GLFW glad
#  Phony target (prerequisite of .PHONY).
#  Implicit rule search has not been done.
#  File does not exist.
#  File has not been updated.
#  recipe to execute (from 'C:\dev\realm\Makefile', line 47):
	@echo "==== Building realm_game ($(realm_game_config)) ===="
	@${MAKE} --no-print-directory -C . -f realm_game.make config=$(realm_game_config)

# Not a target:
.DEFAULT:
#  Implicit rule search has not been done.
#  Modification time never checked.
#  File has not been updated.

all: GLFW glad realm_game
#  Phony target (prerequisite of .PHONY).
#  Command line target.
#  Implicit rule search has not been done.
#  File does not exist.
#  File has been updated.
#  Needs to be updated (-q is set).
# variable set hash-table stats:
# Load=0/32=0%, Rehash=0, Collisions=0/7=0%

help:
#  Phony target (prerequisite of .PHONY).
#  Implicit rule search has not been done.
#  File does not exist.
#  File has not been updated.
#  recipe to execute (from 'C:\dev\realm\Makefile', line 57):
	@echo "Usage: make [config=name] [target]"
	@echo ""
	@echo "CONFIGURATIONS:"
	@echo "  debug"
	@echo "  release"
	@echo ""
	@echo "TARGETS:"
	@echo "   all (default)"
	@echo "   clean"
	@echo "   GLFW"
	@echo "   glad"
	@echo "   realm_game"
	@echo ""
	@echo "For more information, see https://github.com/premake/premake-core/wiki"

# Not a target:
.SUFFIXES:
#  Implicit rule search has not been done.
#  Modification time never checked.
#  File has not been updated.

.PHONY: all clean help GLFW glad realm_game Dependencies
#  Implicit rule search has not been done.
#  Modification time never checked.
#  File has not been updated.

# files hash-table stats:
# Load=11/1024=1%, Rehash=0, Collisions=0/43=0%
# VPATH Search Paths

# No 'vpath' search paths.

# No general ('VPATH' variable) search path.

# strcache buffers: 1 (0) / strings = 12 / storage = 110 B / avg = 9 B
# current buf: size = 8162 B / used = 110 B / count = 12 / avg = 9 B

# strcache performance: lookups = 39 / hit rate = 69%
# hash-table stats:
# Load=12/8192=0%, Rehash=0, Collisions=0/39=0%
# Finished Make data base on Fri Jul 30 18:27:43 2021

 
